This is pdfTeX, Version 3.14159265-2.6-1.40.20 (MiKTeX 2.9.7200 64-bit) (preloaded format=pdflatex 2019.11.14)  25 NOV 2019 23:10
entering extended mode
**./paper.tex
(paper.tex
LaTeX2e <2019-10-01>

("C:\Users\u1040068\AppData\Local\Programs\MiKTeX 2.9\tex/latex/base\article.cl
s"
Document Class: article 2019/08/27 v1.4j Standard LaTeX document class
("C:\Users\u1040068\AppData\Local\Programs\MiKTeX 2.9\tex/latex/base\size12.clo
"
File: size12.clo 2019/08/27 v1.4j Standard LaTeX file (size option)
)
\c@part=\count80
\c@section=\count81
\c@subsection=\count82
\c@subsubsection=\count83
\c@paragraph=\count84
\c@subparagraph=\count85
\c@figure=\count86
\c@table=\count87
\abovecaptionskip=\skip41
\belowcaptionskip=\skip42
\bibindent=\dimen102
)
("C:\Users\u1040068\AppData\Local\Programs\MiKTeX 2.9\tex/latex/amsmath\amsmath
.sty"
Package: amsmath 2019/04/01 v2.17c AMS math features
\@mathmargin=\skip43
For additional information on amsmath, use the `?' option.

("C:\Users\u1040068\AppData\Local\Programs\MiKTeX 2.9\tex/latex/amsmath\amstext
.sty"
Package: amstext 2000/06/29 v2.01 AMS text

("C:\Users\u1040068\AppData\Local\Programs\MiKTeX 2.9\tex/latex/amsmath\amsgen.
sty"
File: amsgen.sty 1999/11/30 v2.0 generic functions
\@emptytoks=\toks14
\ex@=\dimen103
))
("C:\Users\u1040068\AppData\Local\Programs\MiKTeX 2.9\tex/latex/amsmath\amsbsy.
sty"
Package: amsbsy 1999/11/29 v1.2d Bold Symbols
\pmbraise@=\dimen104
)
("C:\Users\u1040068\AppData\Local\Programs\MiKTeX 2.9\tex/latex/amsmath\amsopn.
sty"
Package: amsopn 2016/03/08 v2.02 operator names
)
\inf@bad=\count88
LaTeX Info: Redefining \frac on input line 227.
\uproot@=\count89
\leftroot@=\count90
LaTeX Info: Redefining \overline on input line 389.
\classnum@=\count91
\DOTSCASE@=\count92
LaTeX Info: Redefining \ldots on input line 486.
LaTeX Info: Redefining \dots on input line 489.
LaTeX Info: Redefining \cdots on input line 610.
\Mathstrutbox@=\box27
\strutbox@=\box28
\big@size=\dimen105
LaTeX Font Info:    Redeclaring font encoding OML on input line 733.
LaTeX Font Info:    Redeclaring font encoding OMS on input line 734.
\macc@depth=\count93
\c@MaxMatrixCols=\count94
\dotsspace@=\muskip10
\c@parentequation=\count95
\dspbrk@lvl=\count96
\tag@help=\toks15
\row@=\count97
\column@=\count98
\maxfields@=\count99
\andhelp@=\toks16
\eqnshift@=\dimen106
\alignsep@=\dimen107
\tagshift@=\dimen108
\tagwidth@=\dimen109
\totwidth@=\dimen110
\lineht@=\dimen111
\@envbody=\toks17
\multlinegap=\skip44
\multlinetaggap=\skip45
\mathdisplay@stack=\toks18
LaTeX Info: Redefining \[ on input line 2855.
LaTeX Info: Redefining \] on input line 2856.
)
("C:\Users\u1040068\AppData\Local\Programs\MiKTeX 2.9\tex/latex/geometry\geomet
ry.sty"
Package: geometry 2018/04/16 v5.8 Page Geometry

("C:\Users\u1040068\AppData\Local\Programs\MiKTeX 2.9\tex/latex/graphics\keyval
.sty"
Package: keyval 2014/10/28 v1.15 key=value parser (DPC)
\KV@toks@=\toks19
)
("C:\Users\u1040068\AppData\Local\Programs\MiKTeX 2.9\tex/generic/oberdiek\ifpd
f.sty"
Package: ifpdf 2018/09/07 v3.3 Provides the ifpdf switch
)
("C:\Users\u1040068\AppData\Local\Programs\MiKTeX 2.9\tex/generic/oberdiek\ifvt
ex.sty"
Package: ifvtex 2016/05/16 v1.6 Detect VTeX and its facilities (HO)
Package ifvtex Info: VTeX not detected.
)
("C:\Users\u1040068\AppData\Local\Programs\MiKTeX 2.9\tex/generic/ifxetex\ifxet
ex.sty"
Package: ifxetex 2010/09/12 v0.6 Provides ifxetex conditional
)
\Gm@cnth=\count100
\Gm@cntv=\count101
\c@Gm@tempcnt=\count102
\Gm@bindingoffset=\dimen112
\Gm@wd@mp=\dimen113
\Gm@odd@mp=\dimen114
\Gm@even@mp=\dimen115
\Gm@layoutwidth=\dimen116
\Gm@layoutheight=\dimen117
\Gm@layouthoffset=\dimen118
\Gm@layoutvoffset=\dimen119
\Gm@dimlist=\toks20

("C:\Users\u1040068\AppData\Local\Programs\MiKTeX 2.9\tex/latex/geometry\geomet
ry.cfg"))
("C:\Users\u1040068\AppData\Local\Programs\MiKTeX 2.9\tex/latex/psnfss\mathpazo
.sty"
Package: mathpazo 2005/04/12 PSNFSS-v9.2a Palatino w/ Pazo Math (D.Puga, WaS) 
\symupright=\mathgroup4
)
("C:\Users\u1040068\AppData\Local\Programs\MiKTeX 2.9\tex/latex/base\fontenc.st
y"
Package: fontenc 2018/08/11 v2.0j Standard LaTeX package
("C:\Users\u1040068\AppData\Local\Programs\MiKTeX 2.9\tex/latex/base\t1enc.def"
File: t1enc.def 2018/08/11 v2.0j Standard LaTeX file
LaTeX Font Info:    Redeclaring font encoding T1 on input line 48.
))
("C:\Users\u1040068\AppData\Local\Programs\MiKTeX 2.9\tex/latex/base\inputenc.s
ty"
Package: inputenc 2018/08/11 v1.3c Input encoding file
\inpenc@prehook=\toks21
\inpenc@posthook=\toks22
)
("C:\Users\u1040068\AppData\Local\Programs\MiKTeX 2.9\tex/latex/abstract\abstra
ct.sty"
Package: abstract 2009/06/08 v1.2a configurable abstracts
\abstitleskip=\skip46
\absleftindent=\skip47
\absrightindent=\skip48
\absparindent=\skip49
\absparsep=\skip50
)
("C:\Users\u1040068\AppData\Local\Programs\MiKTeX 2.9\tex/latex/graphics\color.
sty"
Package: color 2016/07/10 v1.1e Standard LaTeX Color (DPC)

("C:\Users\u1040068\AppData\Local\Programs\MiKTeX 2.9\tex/latex/graphics-cfg\co
lor.cfg"
File: color.cfg 2016/01/02 v1.6 sample color configuration
)
Package color Info: Driver file: pdftex.def on input line 147.

("C:\Users\u1040068\AppData\Local\Programs\MiKTeX 2.9\tex/latex/graphics-def\pd
ftex.def"
File: pdftex.def 2018/01/08 v1.0l Graphics/color driver for pdftex
))
("C:\Users\u1040068\AppData\Local\Programs\MiKTeX 2.9\tex/latex/fancyvrb\fancyv
rb.sty"
Package: fancyvrb 2019/11/09
Style option: `fancyvrb' v3.4 <2019/11/09> (tvz)
\FV@CodeLineNo=\count103
\FV@InFile=\read1
\FV@TabBox=\box29
\c@FancyVerbLine=\count104
\FV@StepNumber=\count105
\FV@OutFile=\write3
)
("C:\Users\u1040068\AppData\Local\Programs\MiKTeX 2.9\tex/latex/framed\framed.s
ty"
Package: framed 2011/10/22 v 0.96: framed or shaded text with page breaks
\OuterFrameSep=\skip51
\fb@frw=\dimen120
\fb@frh=\dimen121
\FrameRule=\dimen122
\FrameSep=\dimen123
)
("C:\Users\u1040068\AppData\Local\Programs\MiKTeX 2.9\tex/latex/tools\longtable
.sty"
Package: longtable 2019/02/06 v4.12 Multi-page Table package (DPC)
\LTleft=\skip52
\LTright=\skip53
\LTpre=\skip54
\LTpost=\skip55
\LTchunksize=\count106
\LTcapwidth=\dimen124
\LT@head=\box30
\LT@firsthead=\box31
\LT@foot=\box32
\LT@lastfoot=\box33
\LT@cols=\count107
\LT@rows=\count108
\c@LT@tables=\count109
\c@LT@chunks=\count110
\LT@p@ftn=\toks23
)
("C:\Users\u1040068\AppData\Local\Programs\MiKTeX 2.9\tex/latex/booktabs\bookta
bs.sty"
Package: booktabs 2019/10/08 v1.6180339 publication quality tables
\heavyrulewidth=\dimen125
\lightrulewidth=\dimen126
\cmidrulewidth=\dimen127
\belowrulesep=\dimen128
\belowbottomsep=\dimen129
\aboverulesep=\dimen130
\abovetopsep=\dimen131
\cmidrulesep=\dimen132
\cmidrulekern=\dimen133
\defaultaddspace=\dimen134
\@cmidla=\count111
\@cmidlb=\count112
\@aboverulesep=\dimen135
\@belowrulesep=\dimen136
\@thisruleclass=\count113
\@lastruleclass=\count114
\@thisrulewidth=\dimen137
)
("C:\Users\u1040068\AppData\Local\Programs\MiKTeX 2.9\tex/latex/graphics\graphi
cx.sty"
Package: graphicx 2017/06/01 v1.1a Enhanced LaTeX Graphics (DPC,SPQR)

("C:\Users\u1040068\AppData\Local\Programs\MiKTeX 2.9\tex/latex/graphics\graphi
cs.sty"
Package: graphics 2019/07/20 v1.3b Standard LaTeX Graphics (DPC,SPQR)

("C:\Users\u1040068\AppData\Local\Programs\MiKTeX 2.9\tex/latex/graphics\trig.s
ty"
Package: trig 2016/01/03 v1.10 sin cos tan (DPC)
)
("C:\Users\u1040068\AppData\Local\Programs\MiKTeX 2.9\tex/latex/graphics-cfg\gr
aphics.cfg"
File: graphics.cfg 2016/06/04 v1.11 sample graphics configuration
)
Package graphics Info: Driver file: pdftex.def on input line 105.
)
\Gin@req@height=\dimen138
\Gin@req@width=\dimen139
)
("C:\Users\u1040068\AppData\Local\Programs\MiKTeX 2.9\tex/latex/oberdiek\grffil
e.sty"
Package: grffile 2017/06/30 v1.18 Extended file name support for graphics (HO)

("C:\Users\u1040068\AppData\Local\Programs\MiKTeX 2.9\tex/latex/oberdiek\kvopti
ons.sty"
Package: kvoptions 2016/05/16 v3.12 Key value format for package options (HO)

("C:\Users\u1040068\AppData\Local\Programs\MiKTeX 2.9\tex/generic/oberdiek\ltxc
mds.sty"
Package: ltxcmds 2016/05/16 v1.23 LaTeX kernel commands for general use (HO)
)
("C:\Users\u1040068\AppData\Local\Programs\MiKTeX 2.9\tex/generic/oberdiek\kvse
tkeys.sty"
Package: kvsetkeys 2016/05/16 v1.17 Key value parser (HO)

("C:\Users\u1040068\AppData\Local\Programs\MiKTeX 2.9\tex/generic/oberdiek\infw
arerr.sty"
Package: infwarerr 2016/05/16 v1.4 Providing info/warning/error messages (HO)
)
("C:\Users\u1040068\AppData\Local\Programs\MiKTeX 2.9\tex/generic/oberdiek\etex
cmds.sty"
Package: etexcmds 2016/05/16 v1.6 Avoid name clashes with e-TeX commands (HO)

("C:\Users\u1040068\AppData\Local\Programs\MiKTeX 2.9\tex/generic/oberdiek\iflu
atex.sty"
Package: ifluatex 2016/05/16 v1.4 Provides the ifluatex switch (HO)
Package ifluatex Info: LuaTeX not detected.
))))
("C:\Users\u1040068\AppData\Local\Programs\MiKTeX 2.9\tex/generic/oberdiek\pdft
excmds.sty"
Package: pdftexcmds 2019/07/25 v0.30 Utility functions of pdfTeX for LuaTeX (HO
)
Package pdftexcmds Info: LuaTeX not detected.
Package pdftexcmds Info: \pdf@primitive is available.
Package pdftexcmds Info: \pdf@ifprimitive is available.
Package pdftexcmds Info: \pdfdraftmode found.
)
Package grffile Info: Option `multidot' is set to `true'.
Package grffile Info: Option `extendedchars' is set to `false'.
Package grffile Info: Option `space' is set to `true'.
Package grffile Info: \Gin@ii of package `graphicx' fixed on input line 494.
)
("C:\Users\u1040068\AppData\Local\Programs\MiKTeX 2.9\tex/latex/titlesec\titles
ec.sty"
Package: titlesec 2019/10/16 v2.13 Sectioning titles
\ttl@box=\box34
\beforetitleunit=\skip56
\aftertitleunit=\skip57
\ttl@plus=\dimen140
\ttl@minus=\dimen141
\ttl@toksa=\toks24
\titlewidth=\dimen142
\titlewidthlast=\dimen143
\titlewidthfirst=\dimen144
)
("C:\Users\u1040068\AppData\Local\Programs\MiKTeX 2.9\tex/latex/natbib\natbib.s
ty"
Package: natbib 2010/09/13 8.31b (PWD, AO)
\bibhang=\skip58
\bibsep=\skip59
LaTeX Info: Redefining \cite on input line 694.
\c@NAT@ctr=\count115
)
("C:\Users\u1040068\AppData\Local\Programs\MiKTeX 2.9\tex/latex/underscore\unde
rscore.sty"
Package: underscore 2006/09/13
LaTeX Info: Redefining \_ on input line 42.
)
\c@hypothesis=\count116

("C:\Users\u1040068\AppData\Local\Programs\MiKTeX 2.9\tex/latex/setspace\setspa
ce.sty"
Package: setspace 2011/12/19 v6.7a set line spacing
)
("C:\Users\u1040068\AppData\Local\Programs\MiKTeX 2.9\tex/latex/hyperref\hyperr
ef.sty"
Package: hyperref 2019/09/28 v7.00a Hypertext links for LaTeX

("C:\Users\u1040068\AppData\Local\Programs\MiKTeX 2.9\tex/generic/oberdiek\hobs
ub-hyperref.sty"
Package: hobsub-hyperref 2016/05/16 v1.14 Bundle oberdiek, subset hyperref (HO)


("C:\Users\u1040068\AppData\Local\Programs\MiKTeX 2.9\tex/generic/oberdiek\hobs
ub-generic.sty"
Package: hobsub-generic 2016/05/16 v1.14 Bundle oberdiek, subset generic (HO)
Package: hobsub 2016/05/16 v1.14 Construct package bundles (HO)
Package hobsub Info: Skipping package `infwarerr' (already loaded).
Package hobsub Info: Skipping package `ltxcmds' (already loaded).
Package hobsub Info: Skipping package `ifluatex' (already loaded).
Package hobsub Info: Skipping package `ifvtex' (already loaded).
Package: intcalc 2016/05/16 v1.2 Expandable calculations with integers (HO)
Package hobsub Info: Skipping package `ifpdf' (already loaded).
Package hobsub Info: Skipping package `etexcmds' (already loaded).
Package hobsub Info: Skipping package `kvsetkeys' (already loaded).
Package: kvdefinekeys 2016/05/16 v1.4 Define keys (HO)
Package hobsub Info: Skipping package `pdftexcmds' (already loaded).
Package: pdfescape 2016/05/16 v1.14 Implements pdfTeX's escape features (HO)
Package: bigintcalc 2016/05/16 v1.4 Expandable calculations on big integers (HO
)
Package: bitset 2016/05/16 v1.2 Handle bit-vector datatype (HO)
Package: uniquecounter 2016/05/16 v1.3 Provide unlimited unique counter (HO)
)
Package hobsub Info: Skipping package `hobsub' (already loaded).
Package: letltxmacro 2016/05/16 v1.5 Let assignment for LaTeX macros (HO)
Package: hopatch 2016/05/16 v1.3 Wrapper for package hooks (HO)
Package: xcolor-patch 2016/05/16 xcolor patch
Package: atveryend 2016/05/16 v1.9 Hooks at the very end of document (HO)
Package atveryend Info: \enddocument detected (standard20110627).
Package: atbegshi 2016/06/09 v1.18 At begin shipout hook (HO)
Package: refcount 2016/05/16 v3.5 Data extraction from label references (HO)
Package: hycolor 2016/05/16 v1.8 Color options for hyperref/bookmark (HO)
)
("C:\Users\u1040068\AppData\Local\Programs\MiKTeX 2.9\tex/latex/oberdiek\auxhoo
k.sty"
Package: auxhook 2016/05/16 v1.4 Hooks for auxiliary files (HO)
)
\@linkdim=\dimen145
\Hy@linkcounter=\count117
\Hy@pagecounter=\count118

("C:\Users\u1040068\AppData\Local\Programs\MiKTeX 2.9\tex/latex/hyperref\pd1enc
.def"
File: pd1enc.def 2019/09/28 v7.00a Hyperref: PDFDocEncoding definition (HO)
Now handling font encoding PD1 ...
... no UTF-8 mapping file for font encoding PD1
)
\Hy@SavedSpaceFactor=\count119

("C:\Users\u1040068\AppData\Local\Programs\MiKTeX 2.9\tex/latex/00miktex\hyperr
ef.cfg"
File: hyperref.cfg 2002/06/06 v1.2 hyperref configuration of TeXLive
)
Package hyperref Info: Option `unicode' set `true' on input line 4414.

("C:\Users\u1040068\AppData\Local\Programs\MiKTeX 2.9\tex/latex/hyperref\puenc.
def"
File: puenc.def 2019/09/28 v7.00a Hyperref: PDF Unicode definition (HO)
Now handling font encoding PU ...
... no UTF-8 mapping file for font encoding PU
)
Package hyperref Info: Hyper figures OFF on input line 4540.
Package hyperref Info: Link nesting OFF on input line 4545.
Package hyperref Info: Hyper index ON on input line 4548.
Package hyperref Info: Plain pages OFF on input line 4555.
Package hyperref Info: Backreferencing OFF on input line 4560.
Package hyperref Info: Implicit mode ON; LaTeX internals redefined.
Package hyperref Info: Bookmarks ON on input line 4793.
\c@Hy@tempcnt=\count120
("C:\Users\u1040068\AppData\Local\Programs\MiKTeX 2.9\tex/latex/url\url.sty"
\Urlmuskip=\muskip11
Package: url 2013/09/16  ver 3.4  Verb mode for urls, etc.
)
LaTeX Info: Redefining \url on input line 5152.
\XeTeXLinkMargin=\dimen146
\Fld@menulength=\count121
\Field@Width=\dimen147
\Fld@charsize=\dimen148
Package hyperref Info: Hyper figures OFF on input line 6423.
Package hyperref Info: Link nesting OFF on input line 6428.
Package hyperref Info: Hyper index ON on input line 6431.
Package hyperref Info: backreferencing OFF on input line 6438.
Package hyperref Info: Link coloring OFF on input line 6443.
Package hyperref Info: Link coloring with OCG OFF on input line 6448.
Package hyperref Info: PDF/A mode OFF on input line 6453.
LaTeX Info: Redefining \ref on input line 6493.
LaTeX Info: Redefining \pageref on input line 6497.
\Hy@abspage=\count122
\c@Item=\count123
\c@Hfootnote=\count124
)
Package hyperref Info: Driver (autodetected): hpdftex.

("C:\Users\u1040068\AppData\Local\Programs\MiKTeX 2.9\tex/latex/hyperref\hpdfte
x.def"
File: hpdftex.def 2019/09/28 v7.00a Hyperref driver for pdfTeX
\Fld@listcount=\count125
\c@bookmark@seq@number=\count126

("C:\Users\u1040068\AppData\Local\Programs\MiKTeX 2.9\tex/latex/oberdiek\rerunf
ilecheck.sty"
Package: rerunfilecheck 2016/05/16 v1.8 Rerun checks for auxiliary files (HO)
Package uniquecounter Info: New unique counter `rerunfilecheck' on input line 2
82.
)
\Hy@SectionHShift=\skip60
)
Package hyperref Info: Option `breaklinks' set `true' on input line 148.

Package hyperref Warning: Option `bookmarks' has already been used,
(hyperref)                setting the option has no effect on input line 148.

Package hyperref Info: Option `colorlinks' set `true' on input line 148.
("C:\Users\u1040068\AppData\Local\Programs\MiKTeX 2.9\tex/latex/tools\array.sty
"
Package: array 2019/08/31 v2.4l Tabular extension package (FMi)
\col@sep=\dimen149
\ar@mcellbox=\box35
\extrarowheight=\dimen150
\NC@list=\toks25
\extratabsurround=\skip61
\backup@length=\skip62
\ar@cellbox=\box36
)
("C:\Users\u1040068\AppData\Local\Programs\MiKTeX 2.9\tex/latex/multirow\multir
ow.sty"
Package: multirow 2019/05/31 v2.5 Span multiple rows of a table
\multirow@colwidth=\skip63
\multirow@cntb=\count127
\multirow@dima=\skip64
\bigstrutjot=\dimen151
)
("C:\Users\u1040068\AppData\Local\Programs\MiKTeX 2.9\tex/latex/wrapfig\wrapfig
.sty"
\wrapoverhang=\dimen152
\WF@size=\dimen153
\c@WF@wrappedlines=\count128
\WF@box=\box37
\WF@everypar=\toks26
Package: wrapfig 2003/01/31  v 3.6
) ("C:\Users\u1040068\AppData\Local\Programs\MiKTeX 2.9\tex/latex/float\float.s
ty"
Package: float 2001/11/08 v1.3d Float enhancements (AL)
\c@float@type=\count129
\float@exts=\toks27
\float@box=\box38
\@float@everytoks=\toks28
\@floatcapt=\box39
)
("C:\Users\u1040068\AppData\Local\Programs\MiKTeX 2.9\tex/latex/colortbl\colort
bl.sty"
Package: colortbl 2018/12/12 v1.0d Color table columns (DPC)
\everycr=\toks29
\minrowclearance=\skip65
)
("C:\Users\u1040068\AppData\Local\Programs\MiKTeX 2.9\tex/latex/oberdiek\pdflsc
ape.sty"
Package: pdflscape 2016/05/14 v0.11 Display of landscape pages in PDF (HO)

("C:\Users\u1040068\AppData\Local\Programs\MiKTeX 2.9\tex/latex/graphics\lscape
.sty"
Package: lscape 2000/10/22 v3.01 Landscape Pages (DPC)
)
Package pdflscape Info: Auto-detected driver: pdftex on input line 81.
) ("C:\Users\u1040068\AppData\Local\Programs\MiKTeX 2.9\tex/latex/tabu\tabu.sty
"
Package: tabu 2019/01/11 v2.9 - flexible LaTeX tabulars (FC+tabu-fixed)

("C:\Users\u1040068\AppData\Local\Programs\MiKTeX 2.9\tex/latex/varwidth\varwid
th.sty"
Package: varwidth 2009/03/30 ver 0.92;  Variable-width minipages
\@vwid@box=\box40
\sift@deathcycles=\count130
\@vwid@loff=\dimen154
\@vwid@roff=\dimen155
)
\c@taburow=\count131
\tabu@nbcols=\count132
\tabu@cnt=\count133
\tabu@Xcol=\count134
\tabu@alloc=\count135
\tabu@nested=\count136
\tabu@target=\dimen156
\tabu@spreadtarget=\dimen157
\tabu@naturalX=\dimen158
\tabucolX=\dimen159
\tabu@Xsum=\dimen160
\extrarowdepth=\dimen161
\abovetabulinesep=\dimen162
\belowtabulinesep=\dimen163
\tabustrutrule=\dimen164
\tabu@thebody=\toks30
\tabu@footnotes=\toks31
\tabu@box=\box41
\tabu@arstrutbox=\box42
\tabu@hleads=\box43
\tabu@vleads=\box44
\tabu@cellskip=\skip66
)
("C:\Users\u1040068\AppData\Local\Programs\MiKTeX 2.9\tex/latex/threeparttable\
threeparttable.sty"
Package: threeparttable 2003/06/13  v 3.0
\@tempboxb=\box45
)
("C:\Users\u1040068\AppData\Local\Programs\MiKTeX 2.9\tex/latex/threeparttablex
\threeparttablex.sty"
Package: threeparttablex 2013/07/23 v0.3 by daleif

("C:\Users\u1040068\AppData\Local\Programs\MiKTeX 2.9\tex/latex/environ\environ
.sty"
Package: environ 2014/05/04 v0.3 A new way to define environments

("C:\Users\u1040068\AppData\Local\Programs\MiKTeX 2.9\tex/latex/trimspaces\trim
spaces.sty"
Package: trimspaces 2009/09/17 v1.1 Trim spaces around a token list
))
\TPTL@width=\skip67
) ("C:\Users\u1040068\AppData\Local\Programs\MiKTeX 2.9\tex/latex/ulem\ulem.sty
"
\UL@box=\box46
\UL@hyphenbox=\box47
\UL@skip=\skip68
\UL@hook=\toks32
\UL@height=\dimen165
\UL@pe=\count137
\UL@pixel=\dimen166
\ULC@box=\box48
Package: ulem 2012/05/18
\ULdepth=\dimen167
)
("C:\Users\u1040068\AppData\Local\Programs\MiKTeX 2.9\tex/latex/makecell\makece
ll.sty"
Package: makecell 2009/08/03 V0.1e Managing of Tab Column Heads and Cells
\rotheadsize=\dimen168
\c@nlinenum=\count138
\TeXr@lab=\toks33
)
("C:\Users\u1040068\AppData\Local\Programs\MiKTeX 2.9\tex/latex/xcolor\xcolor.s
ty"
Package: xcolor 2016/05/11 v2.12 LaTeX color extensions (UK)

("C:\Users\u1040068\AppData\Local\Programs\MiKTeX 2.9\tex/latex/graphics-cfg\co
lor.cfg"
File: color.cfg 2016/01/02 v1.6 sample color configuration
)
Package xcolor Info: Driver file: pdftex.def on input line 225.
LaTeX Info: Redefining \color on input line 709.
Package xcolor Info: Model `cmy' substituted by `cmy0' on input line 1348.
Package xcolor Info: Model `hsb' substituted by `rgb' on input line 1352.
Package xcolor Info: Model `RGB' extended on input line 1364.
Package xcolor Info: Model `HTML' substituted by `rgb' on input line 1366.
Package xcolor Info: Model `Hsb' substituted by `hsb' on input line 1367.
Package xcolor Info: Model `tHsb' substituted by `hsb' on input line 1368.
Package xcolor Info: Model `HSB' substituted by `hsb' on input line 1369.
Package xcolor Info: Model `Gray' substituted by `gray' on input line 1370.
Package xcolor Info: Model `wave' substituted by `hsb' on input line 1371.
)
("C:\Users\u1040068\AppData\Local\Programs\MiKTeX 2.9\tex/latex/subfig\subfig.s
ty"
Package: subfig 2005/06/28 ver: 1.3 subfig package

("C:\Users\u1040068\AppData\Local\Programs\MiKTeX 2.9\tex/latex/caption\caption
.sty"
Package: caption 2019/09/01 v3.3d Customizing captions (AR)

("C:\Users\u1040068\AppData\Local\Programs\MiKTeX 2.9\tex/latex/caption\caption
3.sty"
Package: caption3 2019/09/01 v1.8d caption3 kernel (AR)
Package caption3 Info: TeX engine: e-TeX on input line 64.
\captionmargin=\dimen169
\captionmargin@=\dimen170
\captionwidth=\dimen171
\caption@tempdima=\dimen172
\caption@indent=\dimen173
\caption@parindent=\dimen174
\caption@hangindent=\dimen175
)
\c@caption@flags=\count139
\c@ContinuedFloat=\count140
Package caption Info: float package is loaded.
Package caption Info: hyperref package is loaded.
Package caption Info: longtable package is loaded.

("C:\Users\u1040068\AppData\Local\Programs\MiKTeX 2.9\tex/latex/caption\ltcapti
on.sty"
Package: ltcaption 2018/08/26 v1.4a longtable captions (AR)
)
Package caption Info: threeparttable package is loaded.
Package caption Info: wrapfig package is loaded.
)
\c@KVtest=\count141
\sf@farskip=\skip69
\sf@captopadj=\dimen176
\sf@capskip=\skip70
\sf@nearskip=\skip71
\c@subfigure=\count142
\c@subfigure@save=\count143
\c@lofdepth=\count144
\c@subtable=\count145
\c@subtable@save=\count146
\c@lotdepth=\count147
\sf@top=\skip72
\sf@bottom=\skip73
) (paper.aux)
\openout1 = `paper.aux'.

LaTeX Font Info:    Checking defaults for OML/cmm/m/it on input line 191.
LaTeX Font Info:    ... okay on input line 191.
LaTeX Font Info:    Checking defaults for T1/cmr/m/n on input line 191.
LaTeX Font Info:    ... okay on input line 191.
LaTeX Font Info:    Checking defaults for OT1/cmr/m/n on input line 191.
LaTeX Font Info:    ... okay on input line 191.
LaTeX Font Info:    Checking defaults for OMS/cmsy/m/n on input line 191.
LaTeX Font Info:    ... okay on input line 191.
LaTeX Font Info:    Checking defaults for OMX/cmex/m/n on input line 191.
LaTeX Font Info:    ... okay on input line 191.
LaTeX Font Info:    Checking defaults for U/cmr/m/n on input line 191.
LaTeX Font Info:    ... okay on input line 191.
LaTeX Font Info:    Checking defaults for PD1/pdf/m/n on input line 191.
LaTeX Font Info:    ... okay on input line 191.
LaTeX Font Info:    Checking defaults for PU/pdf/m/n on input line 191.
LaTeX Font Info:    ... okay on input line 191.
LaTeX Font Info:    Trying to load font information for T1+ppl on input line 19
1.
("C:\Users\u1040068\AppData\Local\Programs\MiKTeX 2.9\tex/latex/psnfss\t1ppl.fd
"
File: t1ppl.fd 2001/06/04 font definitions for T1/ppl.
)
*geometry* driver: auto-detecting
*geometry* detected driver: pdftex
*geometry* verbose mode - [ preamble ] result:
* driver: pdftex
* paper: <default>
* layout: <same size as paper>
* layoutoffset:(h,v)=(0.0pt,0.0pt)
* modes: 
* h-part:(L,W,R)=(72.26999pt, 469.75502pt, 72.26999pt)
* v-part:(T,H,B)=(72.26999pt, 650.43001pt, 72.26999pt)
* \paperwidth=614.295pt
* \paperheight=794.96999pt
* \textwidth=469.75502pt
* \textheight=650.43001pt
* \oddsidemargin=0.0pt
* \evensidemargin=0.0pt
* \topmargin=-37.0pt
* \headheight=12.0pt
* \headsep=25.0pt
* \topskip=12.0pt
* \footskip=30.0pt
* \marginparwidth=44.0pt
* \marginparsep=10.0pt
* \columnsep=10.0pt
* \skip\footins=10.8pt plus 4.0pt minus 2.0pt
* \hoffset=0.0pt
* \voffset=0.0pt
* \mag=1000
* \@twocolumnfalse
* \@twosidefalse
* \@mparswitchfalse
* \@reversemarginfalse
* (1in=72.27pt=25.4mm, 1cm=28.453pt)


("C:\Users\u1040068\AppData\Local\Programs\MiKTeX 2.9\tex/context/base/mkii\sup
p-pdf.mkii"
[Loading MPS to PDF converter (version 2006.09.02).]
\scratchcounter=\count148
\scratchdimen=\dimen177
\scratchbox=\box49
\nofMPsegments=\count149
\nofMParguments=\count150
\everyMPshowfont=\toks34
\MPscratchCnt=\count151
\MPscratchDim=\dimen178
\MPnumerator=\count152
\makeMPintoPDFobject=\count153
\everyMPtoPDFconversion=\toks35
)
("C:\Users\u1040068\AppData\Local\Programs\MiKTeX 2.9\tex/latex/oberdiek\epstop
df-base.sty"
Package: epstopdf-base 2016/05/15 v2.6 Base part for package epstopdf

("C:\Users\u1040068\AppData\Local\Programs\MiKTeX 2.9\tex/latex/oberdiek\grfext
.sty"
Package: grfext 2016/05/16 v1.2 Manage graphics extensions (HO)
)
Package epstopdf-base Info: Redefining graphics rule for `.eps' on input line 4
38.
Package grfext Info: Graphics extension search list:
(grfext)             [.pdf,.png,.jpg,.mps,.jpeg,.jbig2,.jb2,.PDF,.PNG,.JPG,.JPE
G,.JBIG2,.JB2,.eps]
(grfext)             \AppendGraphicsExtensions on input line 456.
)
\AtBeginShipoutBox=\box50
Package hyperref Info: Link coloring ON on input line 191.

("C:\Users\u1040068\AppData\Local\Programs\MiKTeX 2.9\tex/latex/hyperref\namere
f.sty"
Package: nameref 2019/09/16 v2.46 Cross-referencing by name of section

("C:\Users\u1040068\AppData\Local\Programs\MiKTeX 2.9\tex/generic/oberdiek\gett
itlestring.sty"
Package: gettitlestring 2016/05/16 v1.5 Cleanup title references (HO)
)
\c@section@level=\count154
)
LaTeX Info: Redefining \ref on input line 191.
LaTeX Info: Redefining \pageref on input line 191.
LaTeX Info: Redefining \nameref on input line 191.
(paper.out) (paper.out)
\@outlinefile=\write4
\openout4 = `paper.out'.

Package caption Info: Begin \AtBeginDocument code.
Package caption Info: subfig package v1.3 is loaded.
Package caption Info: End \AtBeginDocument code.
LaTeX Font Info:    Calculating math sizes for size <18> on input line 202.
LaTeX Font Info:    Trying to load font information for OT1+ppl on input line 2
02.

("C:\Users\u1040068\AppData\Local\Programs\MiKTeX 2.9\tex/latex/psnfss\ot1ppl.f
d"
File: ot1ppl.fd 2001/06/04 font definitions for OT1/ppl.
)
LaTeX Font Info:    Trying to load font information for OML+zplm on input line 
202.

("C:\Users\u1040068\AppData\Local\Programs\MiKTeX 2.9\tex/latex/psnfss\omlzplm.
fd"
File: omlzplm.fd 2002/09/08 Fontinst v1.914 font definitions for OML/zplm.
)
LaTeX Font Info:    Trying to load font information for OMS+zplm on input line 
202.

("C:\Users\u1040068\AppData\Local\Programs\MiKTeX 2.9\tex/latex/psnfss\omszplm.
fd"
File: omszplm.fd 2002/09/08 Fontinst v1.914 font definitions for OMS/zplm.
)
LaTeX Font Info:    Trying to load font information for OMX+zplm on input line 
202.

("C:\Users\u1040068\AppData\Local\Programs\MiKTeX 2.9\tex/latex/psnfss\omxzplm.
fd"
File: omxzplm.fd 2002/09/08 Fontinst v1.914 font definitions for OMX/zplm.
)
LaTeX Font Info:    Trying to load font information for OT1+zplm on input line 
202.

("C:\Users\u1040068\AppData\Local\Programs\MiKTeX 2.9\tex/latex/psnfss\ot1zplm.
fd"
File: ot1zplm.fd 2002/09/08 Fontinst v1.914 font definitions for OT1/zplm.
)
LaTeX Font Info:    Trying to load font information for OMS+ppl on input line 2
02.

("C:\Users\u1040068\AppData\Local\Programs\MiKTeX 2.9\tex/latex/psnfss\omsppl.f
d"
File: omsppl.fd 
)
LaTeX Font Info:    Font shape `OMS/ppl/m/n' in size <13.6799> not available
(Font)              Font shape `OMS/cmsy/m/n' tried instead on input line 202.

LaTeX Font Warning: Font shape `OMS/cmsy/m/n' in size <13.6799> not available
(Font)              size <14.4> substituted on input line 202.

LaTeX Font Info:    Font shape `OMS/ppl/m/n' in size <7.6> not available
(Font)              Font shape `OMS/cmsy/m/n' tried instead on input line 202.
LaTeX Font Info:    Font shape `T1/ppl/bx/n' in size <11> not available
(Font)              Font shape `T1/ppl/b/n' tried instead on input line 207.
LaTeX Font Info:    Trying to load font information for T1+phv on input line 20
7.
("C:\Users\u1040068\AppData\Local\Programs\MiKTeX 2.9\tex/latex/psnfss\t1phv.fd
"
File: t1phv.fd 2001/06/04 scalable font definitions for T1/phv.
)
LaTeX Font Info:    Font shape `T1/phv/bx/n' in size <11> not available
(Font)              Font shape `T1/phv/b/n' tried instead on input line 207.
LaTeX Font Info:    Font shape `T1/ppl/bx/n' in size <12> not available
(Font)              Font shape `T1/ppl/b/n' tried instead on input line 242.
[1

{C:/Users/u1040068/AppData/Local/MiKTeX/2.9/pdftex/config/pdftex.map}] [2] [3] 
[4] [5] [6]
<"C:/Users/u1040068/Dropbox/ForecastingMultiDistrictElections/inputs/misc/""exa
mple_ballot_paper".png, id=255, 424.58624pt x 1055.945pt>
File: "C:/Users/u1040068/Dropbox/ForecastingMultiDistrictElections/inputs/misc/
""example_ballot_paper".png Graphic file (type png)
<use "C:/Users/u1040068/Dropbox/ForecastingMultiDistrictElections/inputs/misc/"
"example_ballot_paper".png>
Package pdftex.def Info: "C:/Users/u1040068/Dropbox/ForecastingMultiDistrictEle
ctions/inputs/misc/""example_ballot_paper".png  used on input line 329.
(pdftex.def)             Requested size: 130.76518pt x 325.21272pt.
[7 <C:/Users/u1040068/Dropbox/ForecastingMultiDistrictElections/inputs/misc/exa
mple_ballot_paper.png>]
<"C:/Users/u1040068/Dropbox/ForecastingMultiDistrictElections/outputs/figures/"
"map".pdf, id=273, 568.1225pt x 284.06125pt>
File: "C:/Users/u1040068/Dropbox/ForecastingMultiDistrictElections/outputs/figu
res/""map".pdf Graphic file (type pdf)
<use "C:/Users/u1040068/Dropbox/ForecastingMultiDistrictElections/outputs/figur
es/""map".pdf>
Package pdftex.def Info: "C:/Users/u1040068/Dropbox/ForecastingMultiDistrictEle
ctions/outputs/figures/""map".pdf  used on input line 346.
(pdftex.def)             Requested size: 469.7731pt x 234.88654pt.
[8] [9 <C:/Users/u1040068/Dropbox/ForecastingMultiDistrictElections/outputs/fig
ures/map.pdf>]
<"C:/Users/u1040068/Dropbox/ForecastingMultiDistrictElections/outputs/figures/"
"firstpreferencesvotesdensityconsistentdivision_alt".pdf, id=302, 568.1225pt x 
284.06125pt>
File: "C:/Users/u1040068/Dropbox/ForecastingMultiDistrictElections/outputs/figu
res/""firstpreferencesvotesdensityconsistentdivision_alt".pdf Graphic file (typ
e pdf)
<use "C:/Users/u1040068/Dropbox/ForecastingMultiDistrictElections/outputs/figur
es/""firstpreferencesvotesdensityconsistentdivision_alt".pdf>
Package pdftex.def Info: "C:/Users/u1040068/Dropbox/ForecastingMultiDistrictEle
ctions/outputs/figures/""firstpreferencesvotesdensityconsistentdivision_alt".pd
f  used on input line 372.
(pdftex.def)             Requested size: 469.7731pt x 234.88654pt.
[10 <C:/Users/u1040068/Dropbox/ForecastingMultiDistrictElections/outputs/figure
s/firstpreferencesvotesdensityconsistentdivision_alt.pdf>]
<"C:/Users/u1040068/Dropbox/ForecastingMultiDistrictElections/outputs/figures/"
"twoPP_vs_primary_consistentdivision".pdf, id=317, 568.1225pt x 284.06125pt>
File: "C:/Users/u1040068/Dropbox/ForecastingMultiDistrictElections/outputs/figu
res/""twoPP_vs_primary_consistentdivision".pdf Graphic file (type pdf)
<use "C:/Users/u1040068/Dropbox/ForecastingMultiDistrictElections/outputs/figur
es/""twoPP_vs_primary_consistentdivision".pdf>
Package pdftex.def Info: "C:/Users/u1040068/Dropbox/ForecastingMultiDistrictEle
ctions/outputs/figures/""twoPP_vs_primary_consistentdivision".pdf  used on inpu
t line 386.
(pdftex.def)             Requested size: 469.7731pt x 234.88654pt.
[11 <C:/Users/u1040068/Dropbox/ForecastingMultiDistrictElections/outputs/figure
s/twoPP_vs_primary_consistentdivision.pdf>] [12] [13]
<"C:/Users/u1040068/Dropbox/ForecastingMultiDistrictElections/outputs/figures/"
"proportions_by_subgroup_density_corrected_divisions".pdf, id=365, 568.1225pt x
 284.06125pt>
File: "C:/Users/u1040068/Dropbox/ForecastingMultiDistrictElections/outputs/figu
res/""proportions_by_subgroup_density_corrected_divisions".pdf Graphic file (ty
pe pdf)
<use "C:/Users/u1040068/Dropbox/ForecastingMultiDistrictElections/outputs/figur
es/""proportions_by_subgroup_density_corrected_divisions".pdf>
Package pdftex.def Info: "C:/Users/u1040068/Dropbox/ForecastingMultiDistrictEle
ctions/outputs/figures/""proportions_by_subgroup_density_corrected_divisions".p
df  used on input line 477.
(pdftex.def)             Requested size: 469.7731pt x 234.88654pt.
[14] [15 <C:/Users/u1040068/Dropbox/ForecastingMultiDistrictElections/outputs/f
igures/proportions_by_subgroup_density_corrected_divisions.pdf>] [16]
Overfull \hbox (36.08865pt too wide) in paragraph at lines 537--553
 [][] 
 []

<"C:/Users/u1040068/Dropbox/ForecastingMultiDistrictElections/outputs/figures/"
"coefficientdistributions".pdf, id=443, 568.1225pt x 284.06125pt>
File: "C:/Users/u1040068/Dropbox/ForecastingMultiDistrictElections/outputs/figu
res/""coefficientdistributions".pdf Graphic file (type pdf)
<use "C:/Users/u1040068/Dropbox/ForecastingMultiDistrictElections/outputs/figur
es/""coefficientdistributions".pdf>
Package pdftex.def Info: "C:/Users/u1040068/Dropbox/ForecastingMultiDistrictEle
ctions/outputs/figures/""coefficientdistributions".pdf  used on input line 557.

(pdftex.def)             Requested size: 469.7731pt x 234.88654pt.
[17]
<"C:/Users/u1040068/Dropbox/ForecastingMultiDistrictElections/outputs/figures/e
stimates/""raw_data_compared_with_model_estimates".pdf, id=456, 568.1225pt x 56
8.1225pt>
File: "C:/Users/u1040068/Dropbox/ForecastingMultiDistrictElections/outputs/figu
res/estimates/""raw_data_compared_with_model_estimates".pdf Graphic file (type 
pdf)
<use "C:/Users/u1040068/Dropbox/ForecastingMultiDistrictElections/outputs/figur
es/estimates/""raw_data_compared_with_model_estimates".pdf>
Package pdftex.def Info: "C:/Users/u1040068/Dropbox/ForecastingMultiDistrictEle
ctions/outputs/figures/estimates/""raw_data_compared_with_model_estimates".pdf 
 used on input line 572.
(pdftex.def)             Requested size: 469.7731pt x 469.7731pt.
[18 <C:/Users/u1040068/Dropbox/ForecastingMultiDistrictElections/outputs/figure
s/coefficientdistributions.pdf>] [19 <C:/Users/u1040068/Dropbox/ForecastingMult
iDistrictElections/outputs/figures/estimates/raw_data_compared_with_model_estim
ates.pdf>]
<"C:/Users/u1040068/Dropbox/ForecastingMultiDistrictElections/outputs/figures/e
stimates/""actual_vs_estimates".pdf, id=487, 568.1225pt x 284.06125pt>
File: "C:/Users/u1040068/Dropbox/ForecastingMultiDistrictElections/outputs/figu
res/estimates/""actual_vs_estimates".pdf Graphic file (type pdf)
<use "C:/Users/u1040068/Dropbox/ForecastingMultiDistrictElections/outputs/figur
es/estimates/""actual_vs_estimates".pdf>
Package pdftex.def Info: "C:/Users/u1040068/Dropbox/ForecastingMultiDistrictEle
ctions/outputs/figures/estimates/""actual_vs_estimates".pdf  used on input line
 587.
(pdftex.def)             Requested size: 469.7731pt x 234.88654pt.
[20 <C:/Users/u1040068/Dropbox/ForecastingMultiDistrictElections/outputs/figure
s/estimates/actual_vs_estimates.pdf>]
Overfull \hbox (11.5269pt too wide) in paragraph at lines 627--627
 []|\T1/ppl/m/n/12 Marginal
 []


Overfull \hbox (11.5269pt too wide) in paragraph at lines 627--627
 []|\T1/ppl/m/n/12 Marginal
 []

[21] [22] [23] [24] [25]

Package xcolor Warning: Incompatible color definition on input line 709.

LaTeX Font Info:    Trying to load font information for T1+cmtt on input line 7
10.
("C:\Users\u1040068\AppData\Local\Programs\MiKTeX 2.9\tex/latex/base\t1cmtt.fd"
File: t1cmtt.fd 2014/09/29 v2.5h Standard LaTeX font definitions
)
LaTeX Font Info:    Font shape `T1/cmtt/bx/n' in size <12> not available
(Font)              Font shape `T1/cmtt/m/n' tried instead on input line 711.

Package xcolor Warning: Incompatible color definition on input line 714.


Package xcolor Warning: Incompatible color definition on input line 714.

LaTeX Font Info:    Font shape `OMS/ppl/m/n' in size <12> not available
(Font)              Font shape `OMS/cmsy/m/n' tried instead on input line 721.

Package xcolor Warning: Incompatible color definition on input line 726.


Package xcolor Warning: Incompatible color definition on input line 738.


Package xcolor Warning: Incompatible color definition on input line 738.


Package xcolor Warning: Incompatible color definition on input line 742.


Package xcolor Warning: Incompatible color definition on input line 762.


Package xcolor Warning: Incompatible color definition on input line 762.


Package xcolor Warning: Incompatible color definition on input line 762.

[26]

Package xcolor Warning: Incompatible color definition on input line 762.


Package xcolor Warning: Incompatible color definition on input line 762.


Package xcolor Warning: Incompatible color definition on input line 771.


Package xcolor Warning: Incompatible color definition on input line 786.


Package xcolor Warning: Incompatible color definition on input line 786.


Package xcolor Warning: Incompatible color definition on input line 796.


Package xcolor Warning: Incompatible color definition on input line 807.


Package xcolor Warning: Incompatible color definition on input line 807.


Package xcolor Warning: Incompatible color definition on input line 807.

[27]

Package xcolor Warning: Incompatible color definition on input line 807.


Package xcolor Warning: Incompatible color definition on input line 807.


Package xcolor Warning: Incompatible color definition on input line 811.


Package xcolor Warning: Incompatible color definition on input line 845.


Package xcolor Warning: Incompatible color definition on input line 845.


Package xcolor Warning: Incompatible color definition on input line 849.


Package xcolor Warning: Incompatible color definition on input line 898.


Package xcolor Warning: Incompatible color definition on input line 898.


Package xcolor Warning: Incompatible color definition on input line 898.

[28]

Package xcolor Warning: Incompatible color definition on input line 898.


Package xcolor Warning: Incompatible color definition on input line 898.


Package xcolor Warning: Incompatible color definition on input line 902.

[29]

Package xcolor Warning: Incompatible color definition on input line 917.


Package xcolor Warning: Incompatible color definition on input line 917.


Package xcolor Warning: Incompatible color definition on input line 921.


Package xcolor Warning: Incompatible color definition on input line 932.


Package xcolor Warning: Incompatible color definition on input line 932.

[30] [31] (paper.bbl [32] [33]
Underfull \hbox (badness 6575) in paragraph at lines 184--190
[]\T1/ppl/m/n/12 Jackman, S., Rat-cliff, S., and Man-sillo, L. (2019).  \T1/ppl
/m/it/12 Small area es-ti-mates of
 []


Underfull \hbox (badness 3364) in paragraph at lines 184--190
\T1/ppl/m/it/12 pub-lic opin-ion: Model-assisted post-stratification of data fr
om voter ad-vice ap-pli-ca-
 []


Underfull \hbox (badness 4001) in paragraph at lines 184--190
\T1/ppl/m/it/12 tions\T1/ppl/m/n/12 .  Pa-per pre-sented at 2019 An-nual Asian 
Po-lit-i-cal Method-ol-ogy Meet-
 []

[34] [35])
Package atveryend Info: Empty hook `BeforeClearDocument' on input line 965.
[36]
Package atveryend Info: Empty hook `AfterLastShipout' on input line 965.
(paper.aux)
Package atveryend Info: Executing hook `AtVeryEndDocument' on input line 965.
Package atveryend Info: Executing hook `AtEndAfterFileList' on input line 965.
Package rerunfilecheck Info: File `paper.out' has not changed.
(rerunfilecheck)             Checksum: E1C32037411530EA7B98CD150AFAE5F2;4579.

LaTeX Font Warning: Size substitutions with differences
(Font)              up to 0.7201pt have occurred.

Package atveryend Info: Empty hook `AtVeryVeryEnd' on input line 965.
 ) 
Here is how much of TeX's memory you used:
 14769 strings out of 492452
 222460 string characters out of 3118662
 331501 words of memory out of 3000000
 18705 multiletter control sequences out of 15000+200000
 45622 words of font info for 103 fonts, out of 3000000 for 9000
 1141 hyphenation exceptions out of 8191
 47i,11n,48p,1756b,549s stack positions out of 5000i,500n,10000p,200000b,50000s
 <C:\Users\u1040068\AppData\Local\MiKTeX\2.9\fonts/pk/ljfour/jknappen/ec/dpi6
00\ecit1200.pk> <C:\Users\u1040068\AppData\Local\MiKTeX\2.9\fonts/pk/ljfour/jkn
appen/ec/dpi600\ectt1200.pk>{C:/Users/u1040068/AppData/Local/Programs/MiKTeX 2.
9/fonts/enc/dvips/base/8r.enc}<C:/Users/u1040068/AppData/Local/Programs/MiKTeX 
2.9/fonts/type1/public/amsfonts/cm/cmex10.pfb><C:/Users/u1040068/AppData/Local/
Programs/MiKTeX 2.9/fonts/type1/public/amsfonts/cm/cmr10.pfb><C:/Users/u1040068
/AppData/Local/Programs/MiKTeX 2.9/fonts/type1/public/amsfonts/cm/cmsy10.pfb><C
:/Users/u1040068/AppData/Local/Programs/MiKTeX 2.9/fonts/type1/public/amsfonts/
cm/cmsy8.pfb><C:/Users/u1040068/AppData/Local/Programs/MiKTeX 2.9/fonts/type1/p
ublic/mathpazo/fplmr.pfb><C:/Users/u1040068/AppData/Local/Programs/MiKTeX 2.9/f
onts/type1/public/mathpazo/fplmri.pfb><C:/Users/u1040068/AppData/Local/Programs
/MiKTeX 2.9/fonts/type1/urw/helvetic/uhvb8a.pfb><C:/Users/u1040068/AppData/Loca
l/Programs/MiKTeX 2.9/fonts/type1/urw/palatino/uplb8a.pfb><C:/Users/u1040068/Ap
pData/Local/Programs/MiKTeX 2.9/fonts/type1/urw/palatino/uplr8a.pfb><C:/Users/u
1040068/AppData/Local/Programs/MiKTeX 2.9/fonts/type1/urw/palatino/uplri8a.pfb>
Output written on paper.pdf (36 pages, 722713 bytes).
PDF statistics:
 830 PDF objects out of 1000 (max. 8388607)
 180 named destinations out of 1000 (max. 500000)
 257 words of extra memory for PDF output out of 10000 (max. 10000000)


! pdflatex: warning: running with administrator privileges
